{
    "27-12-2022 12:40:04": {
        "contacts": {
            "update": [
                {
                    "id": "166662",
                    "name": "Vasy",
                    "responsible_user_id": "8984391",
                    "date_create": "1672126093",
                    "last_modified": "1672144719",
                    "created_user_id": "8984391",
                    "modified_user_id": "8984391",
                    "account_id": "30755323",
                    "custom_fields": [
                        {
                            "id": "130600",
                            "name": "Email",
                            "values": [
                                {
                                    "value": "vasya@rambler.com",
                                    "enum": "89488"
                                }
                            ],
                            "code": "EMAIL"
                        }
                    ],
                    "linked_leads_id": {
                        "66098": {
                            "ID": "66098"
                        }
                    },
                    "created_at": "1672126093",
                    "updated_at": "1672144719",
                    "type": "contact"
                }
            ]
        },
        "account": {
            "subdomain": "malashenkovdanil",
            "id": "30755323",
            "_links": {
                "self": "https://malashenkovdanil.amocrm.com"
            }
        }
    },
    "27-12-2022 12:40:02": {
        "contacts": {
            "update": [
                {
                    "id": "166662",
                    "name": "Vasswss",
                    "responsible_user_id": "8984391",
                    "date_create": "1672126093",
                    "last_modified": "1672143579",
                    "created_user_id": "8984391",
                    "modified_user_id": "8984391",
                    "account_id": "30755323",
                    "custom_fields": [
                        {
                            "id": "130600",
                            "name": "Email",
                            "values": [
                                {
                                    "value": "vasya@rambler.com",
                                    "enum": "89488"
                                }
                            ],
                            "code": "EMAIL"
                        }
                    ],
                    "linked_leads_id": {
                        "66098": {
                            "ID": "66098"
                        }
                    },
                    "created_at": "1672126093",
                    "updated_at": "1672143579",
                    "type": "contact"
                }
            ]
        },
        "account": {
            "subdomain": "malashenkovdanil",
            "id": "30755323",
            "_links": {
                "self": "https://malashenkovdanil.amocrm.com"
            }
        }
    },
    "27-12-2022 12:39:30": {
        "contacts": {
            "update": [
                {
                    "id": "166662",
                    "name": "Vasyaa",
                    "responsible_user_id": "8984391",
                    "date_create": "1672126093",
                    "last_modified": "1672144769",
                    "created_user_id": "8984391",
                    "modified_user_id": "8984391",
                    "account_id": "30755323",
                    "custom_fields": [
                        {
                            "id": "130600",
                            "name": "Email",
                            "values": [
                                {
                                    "value": "vasya@rambler.com",
                                    "enum": "89488"
                                }
                            ],
                            "code": "EMAIL"
                        }
                    ],
                    "linked_leads_id": {
                        "66098": {
                            "ID": "66098"
                        }
                    },
                    "created_at": "1672126093",
                    "updated_at": "1672144769",
                    "type": "contact"
                }
            ]
        },
        "account": {
            "subdomain": "malashenkovdanil",
            "id": "30755323",
            "_links": {
                "self": "https://malashenkovdanil.amocrm.com"
            }
        }
    },
    "27-12-2022 10:40:02": {
        "token": "6xm9s9h1hg984aod8f4qz885myf49ash55ztb5ke",
        "Uname": "asd21",
        "account_id": "30755323"
    },
    "27-12-2022 10:39:16": {
        "token": "6xm9s9h1hg984aod8f4qz885myf49ash55ztb5ke",
        "Uname": "asd",
        "account_id": "30755323"
    },
    "27-12-2022 10:35:48": {
        "token": "6xm9s9h1hg984aod8f4qz885myf49ash55ztb5ke",
        "Uname": "Alexxx12",
        "account_id": "30755323"
    },
    "27-12-2022 10:34:30": {
        "token": "6xm9s9h1hg984aod8f4qz885myf49ash55ztb5ke",
        "Uname": "Alexxx",
        "account_id": "30755323"
    },
    "27-12-2022 10:32:42": {
        "token": "6xm9s9h1hg984aod8f4qz885myf49ash55ztb5ke",
        "Uname": "Alexxxx",
        "account_id": "30755323"
    },
    "27-12-2022 10:04:37": {
        "token": "6xm9s9h1hg984aod8f4qz885myf49ash55ztb5ke",
        "Uname": "Pavel",
        "account_id": "30755323"
    },
    "27-12-2022 09:19:08": {
        "token": "6xm9s9h1hg984aod8f4qz885myf49ash55ztb5ke",
        "Uname": "Anna2",
        "account_id": "30755323"
    }
}